<?xml version="1.0"?><coverage lines-covered="1463" lines-valid="3046" line-rate="0.48030203545633615" branches-covered="0" branches-valid="0" branch-rate="0" complexity="0" version="1.9" timestamp="1785522009"><sources><source>C:\Users\micha\repos\airframe-workspace\shimmy</source></sources><packages><package name="src\tests" line-rate="0" branch-rate="0" complexity="0"><classes></classes></package><package name="src\auto_discovery" line-rate="0.6436170212765957" branch-rate="0" complexity="0"><classes><class name="mod" filename="src\auto_discovery\mod.rs" line-rate="0.8125" branch-rate="0" complexity="0"><methods/><lines><line number="25" hits="288230376151711744"/><line number="26" hits="864691128455135232"/><line number="29" hits="288230376151711744"/><line number="30" hits="0"/><line number="31" hits="0"/><line number="32" hits="0"/><line number="37" hits="576460752303423488"/><line number="38" hits="1729382256910270464"/><line number="39" hits="864691128455135232"/><line number="44" hits="864691128455135232"/><line number="45" hits="864691128455135232"/><line number="49" hits="864691128455135232"/><line number="50" hits="1441151880758558720"/><line number="51" hits="1441151880758558720"/><line number="52" hits="1441151880758558720"/><line number="53" hits="1441151880758558720"/><line number="54" hits="1441151880758558720"/><line number="55" hits="864691128455135232"/><line number="58" hits="864691128455135232"/><line number="60" hits="1441151880758558720"/><line number="61" hits="1441151880758558720"/><line number="62" hits="1441151880758558720"/><line number="63" hits="576460752303423488"/><line number="64" hits="1152921504606846976"/><line number="65" hits="864691128455135232"/><line number="66" hits="864691128455135232"/><line number="68" hits="1441151880758558720"/><line number="69" hits="576460752303423488"/><line number="70" hits="1152921504606846976"/><line number="71" hits="864691128455135232"/><line number="77" hits="576460752303423488"/><line number="78" hits="2594073385365405696"/><line number="79" hits="4611686018427387904"/><line number="80" hits="1152921504606846976"/><line number="81" hits="1152921504606846976"/><line number="83" hits="4611686018427387904"/><line number="86" hits="4611686018427387904"/><line number="87" hits="4611686018427387904"/><line number="90" hits="4611686018427387904"/><line number="91" hits="2305843009213693952"/><line number="100" hits="0"/><line number="101" hits="0"/><line number="104" hits="144115188075855872"/><line number="105" hits="288230376151711744"/><line number="107" hits="4323455642275676160"/><line number="108" hits="5476377146882523136"/><line number="110" hits="2594073385365405696"/><line number="111" hits="5188146770730811392"/><line number="112" hits="0"/><line number="113" hits="0"/><line number="114" hits="0"/><line number="121" hits="144115188075855872"/><line number="122" hits="576460752303423488"/><line number="123" hits="0"/><line number="127" hits="11961560610296037376"/><line number="128" hits="10376293541461622784"/><line number="131" hits="432345564227567616"/><line number="134" hits="7349874591868649472"/><line number="137" hits="14411518807585587200"/><line number="139" hits="0"/><line number="141" hits="3170534137668829184"/><line number="144" hits="144115188075855872"/><line number="149" hits="0"/><line number="150" hits="0"/></lines></class><class name="ollama" filename="src\auto_discovery\ollama.rs" line-rate="0.14150943396226415" branch-rate="0" complexity="0"><methods/><lines><line number="40" hits="144115188075855872"/><line number="41" hits="288230376151711744"/><line number="44" hits="288230376151711744"/><line number="47" hits="144115188075855872"/><line number="48" hits="0"/><line number="52" hits="144115188075855872"/><line number="53" hits="0"/><line number="54" hits="0"/><line number="56" hits="0"/><line number="59" hits="6"/><line number="60" hits="0"/><line number="61" hits="0"/><line number="68" hits="144115188075855872"/><line number="69" hits="0"/><line number="71" hits="144115188075855872"/><line number="72" hits="0"/><line number="76" hits="144115188075855872"/><line number="77" hits="0"/><line number="78" hits="0"/><line number="81" hits="0"/><line number="82" hits="0"/><line number="85" hits="0"/><line number="86" hits="0"/><line number="91" hits="0"/><line number="94" hits="144115188075855872"/><line number="97" hits="0"/><line number="102" hits="0"/><line number="105" hits="0"/><line number="107" hits="0"/><line number="110" hits="0"/><line number="117" hits="0"/><line number="118" hits="0"/><line number="120" hits="0"/><line number="121" hits="0"/><line number="122" hits="0"/><line number="123" hits="0"/><line number="125" hits="0"/><line number="127" hits="0"/><line number="128" hits="0"/><line number="129" hits="0"/><line number="130" hits="0"/><line number="131" hits="0"/><line number="133" hits="0"/><line number="135" hits="0"/><line number="136" hits="0"/><line number="139" hits="0"/><line number="140" hits="0"/><line number="141" hits="0"/><line number="142" hits="0"/><line number="143" hits="0"/><line number="144" hits="0"/><line number="147" hits="0"/><line number="149" hits="0"/><line number="150" hits="0"/><line number="151" hits="0"/><line number="154" hits="0"/><line number="161" hits="0"/><line number="162" hits="0"/><line number="166" hits="0"/><line number="175" hits="0"/><line number="178" hits="0"/><line number="179" hits="0"/><line number="182" hits="0"/><line number="185" hits="0"/><line number="186" hits="0"/><line number="187" hits="0"/><line number="188" hits="0"/><line number="189" hits="0"/><line number="192" hits="0"/><line number="193" hits="0"/><line number="197" hits="0"/><line number="198" hits="0"/><line number="200" hits="0"/><line number="202" hits="0"/><line number="203" hits="0"/><line number="204" hits="0"/><line number="210" hits="0"/><line number="213" hits="0"/><line number="218" hits="0"/><line number="221" hits="0"/><line number="222" hits="0"/><line number="225" hits="0"/><line number="226" hits="0"/><line number="227" hits="0"/><line number="228" hits="0"/><line number="229" hits="0"/><line number="232" hits="0"/><line number="233" hits="0"/><line number="236" hits="0"/><line number="237" hits="0"/><line number="238" hits="0"/><line number="240" hits="0"/><line number="241" hits="0"/><line number="242" hits="0"/><line number="243" hits="0"/><line number="245" hits="0"/><line number="246" hits="0"/><line number="249" hits="0"/><line number="250" hits="0"/><line number="251" hits="0"/><line number="257" hits="0"/><line number="260" hits="1"/><line number="261" hits="3"/><line number="262" hits="2"/><line number="264" hits="3"/><line number="265" hits="1"/></lines></class><class name="scan" filename="src\auto_discovery\scan.rs" line-rate="0.8495145631067961" branch-rate="0" complexity="0"><methods/><lines><line number="7" hits="1297036692682702848"/><line number="8" hits="3891110078048108544"/><line number="11" hits="9943947977234055168"/><line number="17" hits="9943947977234055168"/><line number="18" hits="13546827679130451971"/><line number="22" hits="15276209936040722419"/><line number="24" hits="11240984669916758008"/><line number="25" hits="3314649325744685056"/><line number="26" hits="720575940379279360"/><line number="27" hits="720575940379279360"/><line number="29" hits="720575940379279360"/><line number="33" hits="14123288431433875452"/><line number="34" hits="6629298651489370113"/><line number="35" hits="2305843009213693960"/><line number="36" hits="5476377146882523139"/><line number="37" hits="0"/><line number="39" hits="14123288431433875452"/><line number="44" hits="14123288431433875452"/><line number="45" hits="14123288431433875452"/><line number="46" hits="14123288431433875457"/><line number="47" hits="14123288431433875457"/><line number="48" hits="14123288431433875457"/><line number="49" hits="14123288431433875457"/><line number="50" hits="14123288431433875457"/><line number="51" hits="14123288431433875457"/><line number="52" hits="14123288431433875457"/><line number="53" hits="0"/><line number="55" hits="14123288431433875452"/><line number="59" hits="9799832789158199290"/><line number="60" hits="9799832789158199290"/><line number="63" hits="9799832789158199290"/><line number="64" hits="9799832789158199290"/><line number="65" hits="0"/><line number="68" hits="8935141660703064061"/><line number="69" hits="8070450532247928813"/><line number="70" hits="8070450532247928794"/><line number="71" hits="19"/><line number="73" hits="2882303761517117383"/><line number="76" hits="13258597302978740205"/><line number="77" hits="17293822569102704640"/><line number="79" hits="7493989779944505346"/><line number="82" hits="8646911284551352320"/><line number="83" hits="8646911284551352317"/><line number="84" hits="8646911284551352317"/><line number="85" hits="8646911284551352317"/><line number="86" hits="8646911284551352317"/><line number="87" hits="8646911284551352317"/><line number="88" hits="8646911284551352317"/><line number="89" hits="8646911284551352317"/><line number="91" hits="3"/><line number="94" hits="8646911284551352317"/><line number="95" hits="8070450532247928832"/><line number="96" hits="4035225266123964416"/><line number="97" hits="3458764513820540928"/><line number="98" hits="3458764513820540928"/><line number="99" hits="3170534137668829184"/><line number="100" hits="2305843009213693952"/><line number="101" hits="2305843009213693952"/><line number="103" hits="0"/><line number="107" hits="7493989779944505323"/><line number="108" hits="8070450532247928853"/><line number="109" hits="16140901064495857706"/><line number="114" hits="9223372036854775803"/><line number="115" hits="9223372036854775805"/><line number="117" hits="9223372036854775807"/><line number="122" hits="14123288431433875456"/><line number="130" hits="9799832789158199296"/><line number="131" hits="9799832789158199296"/><line number="134" hits="1152921504606846976"/><line number="137" hits="5476377146882523136"/><line number="139" hits="12970366926827028481"/><line number="140" hits="10376293541461622789"/><line number="141" hits="5188146770730811396"/><line number="142" hits="14987979559889010692"/><line number="143" hits="14987979559889010692"/><line number="144" hits="11240984669916758019"/><line number="145" hits="7782220156096217095"/><line number="146" hits="11240984669916758019"/><line number="151" hits="16429131440647569408"/><line number="152" hits="1152921504606846976"/><line number="154" hits="3458764513820540931"/><line number="155" hits="1152921504606846977"/><line number="156" hits="2305843009213693954"/><line number="158" hits="3458764513820540931"/><line number="160" hits="3458764513820540931"/><line number="162" hits="13258597302978740225"/><line number="163" hits="9223372036854775809"/><line number="165" hits="1152921504606846977"/><line number="168" hits="2305843009213693954"/><line number="170" hits="1152921504606846977"/><line number="171" hits="2305843009213693954"/><line number="172" hits="4611686018427387908"/><line number="173" hits="2305843009213693954"/><line number="174" hits="1152921504606846977"/><line number="175" hits="1152921504606846977"/><line number="177" hits="3458764513820540931"/><line number="183" hits="12970366926827028480"/><line number="184" hits="16140901064495857664"/><line number="185" hits="16140901064495857656"/><line number="186" hits="8070450532247928828"/><line number="191" hits="14123288431433875456"/><line number="194" hits="4611686018427387904"/><line number="195" hits="8935141660703064048"/><line number="196" hits="8646911284551352288"/><line number="198" hits="4323455642275676144"/><line number="199" hits="13546827679130451970"/><line number="202" hits="9223372036854775790"/><line number="203" hits="7493989779944505344"/><line number="205" hits="7493989779944505344"/><line number="208" hits="5476377146882523118"/><line number="209" hits="0"/><line number="211" hits="0"/><line number="212" hits="0"/><line number="213" hits="0"/><line number="214" hits="0"/><line number="215" hits="0"/><line number="216" hits="0"/><line number="217" hits="0"/><line number="218" hits="0"/><line number="219" hits="0"/><line number="220" hits="0"/><line number="221" hits="0"/><line number="223" hits="0"/><line number="226" hits="0"/><line number="227" hits="0"/><line number="228" hits="0"/><line number="229" hits="0"/><line number="230" hits="0"/><line number="231" hits="0"/><line number="232" hits="0"/><line number="233" hits="0"/><line number="236" hits="5764607523034234878"/><line number="239" hits="10088063165309911040"/><line number="240" hits="864691128455135232"/><line number="241" hits="0"/><line number="242" hits="0"/><line number="243" hits="6341068275337658370"/><line number="245" hits="9511602413006487553"/><line number="248" hits="6341068275337658370"/><line number="251" hits="9223372036854775808"/><line number="254" hits="14411518807585587200"/><line number="255" hits="6341068275337658368"/><line number="256" hits="2305843009213693952"/><line number="259" hits="10376293541461622784"/><line number="260" hits="2017612633061982211"/><line number="261" hits="11817445422220181513"/><line number="262" hits="11817445422220181513"/><line number="263" hits="6"/><line number="265" hits="12"/><line number="266" hits="9223372036854775808"/><line number="272" hits="9223372036854775807"/><line number="275" hits="14411518807585587200"/><line number="276" hits="6341068275337658368"/><line number="277" hits="10376293541461622784"/><line number="279" hits="6341068275337658370"/><line number="283" hits="16717361816799281152"/><line number="285" hits="10376293541461622784"/><line number="288" hits="2305843009213693952"/><line number="291" hits="2305843009213693952"/><line number="293" hits="14411518807585587200"/><line number="294" hits="10376293541461622784"/><line number="295" hits="6341068275337658368"/><line number="296" hits="10376293541461622784"/><line number="297" hits="6341068275337658368"/><line number="298" hits="10376293541461622784"/><line number="299" hits="14411518807585587200"/><line number="300" hits="14411518807585587200"/><line number="304" hits="14483576401623515136"/><line number="308" hits="6557241057451442176"/><line number="311" hits="10520408729537478656"/><line number="312" hits="2377900603251621888"/><line number="313" hits="12105675798371893248"/><line number="314" hits="1441151880758558720"/><line number="315" hits="10664523917613334528"/><line number="316" hits="1729382256910270464"/><line number="317" hits="9223372036854775808"/><line number="318" hits="288230376151711744"/><line number="319" hits="9223372036854775808"/><line number="320" hits="4611686018427387904"/><line number="322" hits="9223372036854775808"/><line number="327" hits="5692549928996306944"/><line number="328" hits="864691128455135232"/><line number="329" hits="7566047373982433280"/><line number="330" hits="1224979098644774912"/><line number="331" hits="6341068275337658368"/><line number="332" hits="0"/><line number="333" hits="6341068275337658368"/><line number="334" hits="0"/><line number="336" hits="12393906174523604992"/><line number="340" hits="10520408729537478656"/><line number="341" hits="8718968878589280256"/><line number="342" hits="9223372036854775808"/><line number="343" hits="576460752303423488"/><line number="344" hits="9223372036854775808"/><line number="345" hits="576460752303423488"/><line number="346" hits="9223372036854775808"/><line number="347" hits="1441151880758558720"/><line number="348" hits="9223372036854775808"/><line number="349" hits="0"/><line number="351" hits="9223372036854775808"/><line number="354" hits="10520408729537478656"/><line number="357" hits="14411518807585587200"/><line number="359" hits="6341068275337658368"/><line number="360" hits="14411518807585587200"/><line number="362" hits="0"/><line number="366" hits="6341068275337658368"/></lines></class></classes></package><package name="src\engine" line-rate="0.3058823529411765" branch-rate="0" complexity="0"><classes><class name="adapter" filename="src\engine\adapter.rs" line-rate="0.3684210526315789" branch-rate="0" complexity="0"><methods/><lines><line number="24" hits="0"/><line number="25" hits="0"/><line number="30" hits="2449958197289549824"/><line number="33" hits="2449958197289549824"/><line number="35" hits="2449958197289549824"/><line number="37" hits="2449958197289549824"/><line number="38" hits="2449958197289549824"/><line number="43" hits="0"/><line number="46" hits="0"/><line number="48" hits="0"/><line number="50" hits="0"/><line number="51" hits="0"/><line number="63" hits="792633534417207296"/><line number="65" hits="1585267068834414592"/><line number="68" hits="3530822107858468864"/><line number="69" hits="648518346341351424"/><line number="70" hits="648518346341351424"/><line number="72" hits="648518346341351424"/><line number="74" hits="0"/><line number="83" hits="0"/><line number="84" hits="0"/><line number="85" hits="0"/><line number="86" hits="0"/><line number="87" hits="0"/><line number="96" hits="0"/><line number="103" hits="432345564227567616"/><line number="107" hits="144115188075855872"/><line number="137" hits="0"/><line number="147" hits="0"/><line number="161" hits="0"/><line number="162" hits="0"/><line number="163" hits="0"/><line number="164" hits="0"/><line number="165" hits="0"/><line number="166" hits="0"/><line number="176" hits="0"/><line number="192" hits="0"/><line number="226" hits="288230376151711744"/></lines></class><class name="airframe" filename="src\engine\airframe.rs" line-rate="0.175" branch-rate="0" complexity="0"><methods/><lines><line number="16" hits="0"/><line number="18" hits="0"/><line number="24" hits="0"/><line number="25" hits="0"/><line number="31" hits="0"/><line number="36" hits="0"/><line number="55" hits="216172782113783808"/><line number="57" hits="432345564227567616"/><line number="58" hits="432345564227567616"/><line number="59" hits="432345564227567616"/><line number="60" hits="432345564227567616"/><line number="61" hits="432345564227567616"/><line number="62" hits="216172782113783808"/><line number="79" hits="0"/><line number="80" hits="0"/><line number="81" hits="0"/><line number="82" hits="0"/><line number="83" hits="0"/><line number="84" hits="0"/><line number="87" hits="0"/><line number="88" hits="0"/><line number="89" hits="0"/><line number="91" hits="0"/><line number="92" hits="0"/><line number="93" hits="0"/><line number="95" hits="0"/><line number="98" hits="0"/><line number="101" hits="0"/><line number="102" hits="0"/><line number="108" hits="0"/><line number="111" hits="0"/><line number="114" hits="0"/><line number="116" hits="0"/><line number="117" hits="0"/><line number="118" hits="0"/><line number="119" hits="0"/><line number="120" hits="0"/><line number="122" hits="0"/><line number="125" hits="0"/><line number="126" hits="0"/></lines></class><class name="huggingface" filename="src\engine\huggingface.rs" line-rate="0.26666666666666666" branch-rate="0" complexity="0"><methods/><lines><line number="15" hits="72057594037927936"/><line number="16" hits="72057594037927936"/><line number="21" hits="3674937295934324736"/><line number="24" hits="3674937295934324736"/><line number="31" hits="432345564227567616"/><line number="63" hits="360287970189639680"/><line number="71" hits="144115188075855872"/><line number="72" hits="72057594037927936"/><line number="75" hits="0"/><line number="76" hits="0"/><line number="77" hits="0"/><line number="78" hits="0"/><line number="83" hits="0"/><line number="84" hits="0"/><line number="85" hits="0"/><line number="105" hits="0"/><line number="106" hits="0"/><line number="110" hits="0"/><line number="113" hits="0"/><line number="118" hits="0"/><line number="120" hits="0"/><line number="121" hits="0"/><line number="122" hits="0"/><line number="123" hits="0"/><line number="124" hits="0"/><line number="129" hits="0"/><line number="130" hits="0"/><line number="131" hits="0"/><line number="132" hits="0"/><line number="243" hits="0"/></lines></class><class name="mod" filename="src\engine\mod.rs" line-rate="0.46153846153846156" branch-rate="0" complexity="0"><methods/><lines><line number="30" hits="720575940379279360"/><line number="39" hits="1441151880758558720"/><line number="40" hits="2161727821137838080"/><line number="41" hits="1441151880758558720"/><line number="43" hits="720575940379279360"/><line number="44" hits="720575940379279360"/><line number="97" hits="0"/><line number="99" hits="0"/><line number="100" hits="0"/><line number="104" hits="0"/><line number="105" hits="0"/><line number="106" hits="0"/><line number="107" hits="0"/></lines></class><class name="safetensors_native" filename="src\engine\safetensors_native.rs" line-rate="0.2537313432835821" branch-rate="0" complexity="0"><methods/><lines><line number="30" hits="0"/><line number="31" hits="0"/><line number="36" hits="2738188573441261568"/><line number="48" hits="144115188075855872"/><line number="49" hits="144115188075855872"/><line number="50" hits="144115188075855872"/><line number="54" hits="720575940379279360"/><line number="55" hits="4323455642275676160"/><line number="56" hits="720575940379279360"/><line number="60" hits="0"/><line number="61" hits="0"/><line number="63" hits="0"/><line number="67" hits="0"/><line number="72" hits="144115188075855872"/><line number="73" hits="288230376151711744"/><line number="75" hits="288230376151711744"/><line number="76" hits="0"/><line number="79" hits="432345564227567616"/><line number="80" hits="288230376151711744"/><line number="81" hits="432345564227567616"/><line number="83" hits="504403158265495552"/><line number="84" hits="144115188075855872"/><line number="88" hits="144115188075855872"/><line number="94" hits="360287970189639680"/><line number="132" hits="0"/><line number="133" hits="0"/><line number="134" hits="0"/><line number="135" hits="0"/><line number="172" hits="360287970189639680"/><line number="176" hits="360287970189639680"/><line number="179" hits="1080863910568919040"/><line number="180" hits="0"/><line number="182" hits="0"/><line number="183" hits="0"/><line number="185" hits="0"/><line number="187" hits="0"/><line number="188" hits="0"/><line number="189" hits="0"/><line number="191" hits="0"/><line number="193" hits="0"/><line number="195" hits="0"/><line number="196" hits="0"/><line number="200" hits="0"/><line number="202" hits="0"/><line number="216" hits="0"/><line number="219" hits="0"/><line number="223" hits="0"/><line number="226" hits="0"/><line number="229" hits="0"/><line number="230" hits="0"/><line number="231" hits="0"/><line number="232" hits="0"/><line number="233" hits="0"/><line number="285" hits="0"/><line number="286" hits="0"/><line number="287" hits="0"/><line number="288" hits="0"/><line number="289" hits="0"/><line number="291" hits="0"/><line number="292" hits="0"/><line number="293" hits="0"/><line number="294" hits="0"/><line number="295" hits="0"/><line number="297" hits="0"/><line number="298" hits="0"/><line number="299" hits="0"/><line number="300" hits="0"/><line number="301" hits="0"/><line number="303" hits="0"/><line number="304" hits="0"/><line number="305" hits="0"/><line number="306" hits="0"/><line number="307" hits="0"/><line number="309" hits="0"/><line number="310" hits="0"/><line number="311" hits="0"/><line number="312" hits="0"/><line number="313" hits="0"/><line number="319" hits="0"/><line number="320" hits="0"/><line number="321" hits="0"/><line number="324" hits="0"/><line number="325" hits="0"/><line number="326" hits="0"/><line number="327" hits="0"/><line number="328" hits="0"/><line number="329" hits="0"/><line number="330" hits="0"/><line number="337" hits="0"/><line number="338" hits="0"/><line number="340" hits="0"/><line number="341" hits="0"/><line number="342" hits="0"/><line number="343" hits="0"/><line number="344" hits="0"/><line number="348" hits="0"/><line number="350" hits="0"/><line number="352" hits="0"/><line number="353" hits="0"/><line number="354" hits="0"/><line number="356" hits="0"/><line number="357" hits="0"/><line number="358" hits="0"/><line number="359" hits="0"/><line number="361" hits="0"/><line number="362" hits="0"/><line number="363" hits="0"/><line number="364" hits="0"/><line number="365" hits="0"/><line number="370" hits="0"/><line number="373" hits="0"/><line number="374" hits="0"/><line number="375" hits="0"/><line number="376" hits="0"/><line number="378" hits="0"/><line number="382" hits="0"/><line number="383" hits="0"/><line number="385" hits="0"/><line number="389" hits="0"/><line number="390" hits="0"/><line number="391" hits="0"/><line number="392" hits="0"/><line number="395" hits="0"/><line number="397" hits="0"/><line number="398" hits="0"/><line number="404" hits="0"/><line number="405" hits="0"/><line number="408" hits="0"/><line number="409" hits="0"/><line number="410" hits="0"/><line number="411" hits="0"/><line number="412" hits="0"/><line number="416" hits="0"/><line number="418" hits="0"/><line number="420" hits="0"/><line number="421" hits="0"/><line number="422" hits="0"/><line number="425" hits="0"/><line number="426" hits="0"/><line number="427" hits="0"/><line number="428" hits="0"/><line number="430" hits="0"/><line number="431" hits="0"/><line number="432" hits="0"/><line number="433" hits="0"/><line number="434" hits="0"/><line number="440" hits="0"/><line number="443" hits="0"/><line number="445" hits="0"/><line number="448" hits="0"/><line number="451" hits="0"/><line number="452" hits="0"/><line number="453" hits="0"/><line number="454" hits="0"/><line number="455" hits="0"/><line number="462" hits="0"/><line number="463" hits="0"/><line number="466" hits="144115188075855872"/><line number="467" hits="288230376151711744"/><line number="468" hits="288230376151711744"/><line number="471" hits="576460752303423488"/><line number="472" hits="576460752303423488"/><line number="473" hits="576460752303423488"/><line number="474" hits="576460752303423488"/><line number="475" hits="576460752303423488"/><line number="476" hits="576460752303423488"/><line number="479" hits="4611686018427387904"/><line number="481" hits="17870283321406128128"/><line number="482" hits="8358680908399640576"/><line number="483" hits="4179340454199820288"/><line number="486" hits="144115188075855872"/><line number="487" hits="144115188075855872"/><line number="488" hits="144115188075855872"/><line number="489" hits="144115188075855872"/><line number="490" hits="144115188075855872"/><line number="496" hits="72057594037927936"/><line number="497" hits="216172782113783808"/><line number="500" hits="864691128455135232"/><line number="501" hits="2522015791327477760"/><line number="502" hits="720575940379279360"/><line number="505" hits="72057594037927936"/><line number="509" hits="72057594037927936"/><line number="510" hits="144115188075855872"/><line number="512" hits="432345564227567616"/><line number="513" hits="720575940379279360"/><line number="514" hits="0"/><line number="517" hits="1441151880758558720"/><line number="518" hits="720575940379279360"/><line number="522" hits="72057594037927936"/><line number="561" hits="0"/><line number="568" hits="0"/><line number="569" hits="0"/><line number="570" hits="0"/><line number="573" hits="0"/><line number="576" hits="0"/><line number="586" hits="0"/><line number="590" hits="0"/><line number="591" hits="0"/><line number="592" hits="0"/><line number="594" hits="0"/><line number="597" hits="0"/></lines></class><class name="universal" filename="src\engine\universal.rs" line-rate="1" branch-rate="0" complexity="0"><methods/><lines><line number="17" hits="864691128455135232"/><line number="19" hits="864691128455135232"/><line number="25" hits="144115188075855872"/><line number="26" hits="144115188075855872"/><line number="32" hits="288230376151711744"/><line number="65" hits="576460752303423488"/><line number="66" hits="576460752303423488"/><line number="68" hits="432345564227567616"/><line number="69" hits="432345564227567616"/><line number="70" hits="432345564227567616"/><line number="71" hits="864691128455135232"/><line number="72" hits="864691128455135232"/><line number="73" hits="864691128455135232"/><line number="74" hits="864691128455135232"/><line number="75" hits="432345564227567616"/><line number="76" hits="432345564227567616"/><line number="78" hits="144115188075855872"/><line number="79" hits="144115188075855872"/></lines></class></classes></package><package name="" line-rate="0.48030203545633615" branch-rate="0" complexity="0"><classes></classes></package><package name="benches" line-rate="0" branch-rate="0" complexity="0"><classes></classes></package><package name="src\bin" line-rate="0" branch-rate="0" complexity="0"><classes></classes></package><package name="src" line-rate="0.48030203545633615" branch-rate="0" complexity="0"><classes><class name="anthropic_compat" filename="src\anthropic_compat.rs" line-rate="0.41333333333333333" branch-rate="0" complexity="0"><methods/><lines><line number="95" hits="144115188075855872"/><line number="96" hits="288230376151711744"/><line number="97" hits="144115188075855872"/><line number="98" hits="72057594037927936"/><line number="100" hits="72057594037927936"/><line number="102" hits="216172782113783808"/><line number="103" hits="144115188075855872"/><line number="104" hits="288230376151711744"/><line number="107" hits="0"/><line number="116" hits="144115188075855872"/><line number="123" hits="0"/><line number="128" hits="0"/><line number="129" hits="0"/><line number="132" hits="0"/><line number="133" hits="0"/><line number="134" hits="0"/><line number="138" hits="0"/><line number="142" hits="0"/><line number="143" hits="0"/><line number="147" hits="0"/><line number="148" hits="0"/><line number="150" hits="0"/><line number="151" hits="0"/><line number="153" hits="0"/><line number="154" hits="0"/><line number="158" hits="0"/><line number="159" hits="0"/><line number="161" hits="0"/><line number="162" hits="0"/><line number="163" hits="0"/><line number="167" hits="0"/><line number="168" hits="0"/><line number="169" hits="0"/><line number="170" hits="0"/><line number="172" hits="0"/><line number="177" hits="0"/><line number="178" hits="0"/><line number="179" hits="0"/><line number="182" hits="0"/><line number="183" hits="0"/><line number="185" hits="0"/><line number="186" hits="0"/><line number="187" hits="0"/><line number="188" hits="0"/><line number="192" hits="0"/><line number="193" hits="0"/><line number="195" hits="0"/><line number="201" hits="0"/><line number="203" hits="0"/><line number="204" hits="0"/><line number="205" hits="0"/><line number="212" hits="144115188075855872"/><line number="216" hits="288230376151711744"/><line number="217" hits="288230376151711744"/><line number="220" hits="432345564227567616"/><line number="221" hits="144115188075855872"/><line number="222" hits="144115188075855872"/><line number="223" hits="72057594037927936"/><line number="225" hits="72057594037927936"/><line number="228" hits="0"/><line number="232" hits="288230376151711744"/><line number="233" hits="720575940379279360"/><line number="234" hits="216172782113783808"/><line number="235" hits="432345564227567616"/><line number="236" hits="720575940379279360"/><line number="237" hits="72057594037927936"/><line number="239" hits="144115188075855872"/><line number="242" hits="864691128455135232"/><line number="245" hits="504403158265495552"/><line number="246" hits="72057594037927936"/><line number="248" hits="144115188075855872"/><line number="251" hits="0"/><line number="255" hits="144115188075855872"/><line number="259" hits="216172782113783808"/><line number="261" hits="216172782113783808"/></lines></class><class name="api" filename="src\api.rs" line-rate="0.07407407407407407" branch-rate="0" complexity="0"><methods/><lines><line number="44" hits="216172782113783808"/><line number="48" hits="0"/><line number="49" hits="0"/><line number="50" hits="0"/><line number="52" hits="0"/><line number="53" hits="0"/><line number="54" hits="0"/><line number="55" hits="0"/><line number="56" hits="0"/><line number="61" hits="0"/><line number="66" hits="0"/><line number="67" hits="0"/><line number="68" hits="0"/><line number="69" hits="0"/><line number="70" hits="0"/><line number="72" hits="0"/><line number="74" hits="0"/><line number="76" hits="0"/><line number="78" hits="0"/><line number="81" hits="0"/><line number="82" hits="0"/><line number="83" hits="0"/><line number="85" hits="0"/><line number="86" hits="0"/><line number="88" hits="0"/><line number="89" hits="0"/><line number="91" hits="0"/><line number="92" hits="0"/><line number="94" hits="0"/><line number="95" hits="0"/><line number="98" hits="0"/><line number="100" hits="0"/><line number="101" hits="0"/><line number="102" hits="0"/><line number="103" hits="0"/><line number="104" hits="0"/><line number="105" hits="0"/><line number="106" hits="0"/><line number="107" hits="0"/><line number="108" hits="0"/><line number="109" hits="0"/><line number="110" hits="0"/><line number="111" hits="0"/><line number="112" hits="0"/><line number="115" hits="0"/><line number="117" hits="0"/><line number="122" hits="0"/><line number="124" hits="0"/><line number="126" hits="0"/><line number="127" hits="0"/><line number="128" hits="0"/><line number="130" hits="0"/><line number="131" hits="0"/><line number="132" hits="0"/><line number="136" hits="0"/><line number="138" hits="0"/><line number="139" hits="0"/><line number="144" hits="0"/><line number="152" hits="0"/><line number="156" hits="0"/><line number="159" hits="0"/><line number="161" hits="0"/><line number="162" hits="0"/><line number="164" hits="0"/><line number="165" hits="0"/><line number="166" hits="0"/><line number="167" hits="0"/><line number="169" hits="0"/><line number="170" hits="0"/><line number="171" hits="0"/><line number="172" hits="0"/><line number="173" hits="0"/><line number="174" hits="0"/><line number="176" hits="0"/><line number="177" hits="0"/><line number="180" hits="0"/><line number="181" hits="0"/><line number="182" hits="0"/><line number="183" hits="0"/><line number="184" hits="0"/><line number="186" hits="0"/><line number="187" hits="0"/><line number="188" hits="0"/><line number="189" hits="0"/><line number="190" hits="0"/><line number="194" hits="0"/><line number="195" hits="0"/><line number="196" hits="0"/><line number="197" hits="0"/><line number="198" hits="0"/><line number="200" hits="0"/><line number="202" hits="0"/><line number="204" hits="0"/><line number="206" hits="0"/><line number="209" hits="0"/><line number="210" hits="0"/><line number="211" hits="0"/><line number="213" hits="0"/><line number="214" hits="0"/><line number="216" hits="0"/><line number="217" hits="0"/><line number="219" hits="0"/><line number="220" hits="0"/><line number="223" hits="0"/><line number="224" hits="0"/><line number="225" hits="0"/><line number="226" hits="0"/><line number="227" hits="0"/><line number="228" hits="0"/><line number="229" hits="0"/><line number="230" hits="0"/><line number="231" hits="0"/><line number="232" hits="0"/><line number="233" hits="0"/><line number="234" hits="0"/><line number="235" hits="0"/><line number="236" hits="0"/><line number="237" hits="0"/><line number="240" hits="0"/><line number="242" hits="0"/><line number="247" hits="0"/><line number="249" hits="0"/><line number="252" hits="0"/><line number="253" hits="0"/><line number="254" hits="0"/><line number="256" hits="0"/><line number="257" hits="0"/><line number="260" hits="0"/><line number="277" hits="144115188075855872"/><line number="278" hits="0"/><line number="281" hits="0"/><line number="282" hits="0"/><line number="283" hits="0"/><line number="284" hits="0"/><line number="285" hits="0"/><line number="286" hits="0"/><line number="287" hits="0"/><line number="292" hits="0"/><line number="293" hits="0"/><line number="294" hits="0"/><line number="295" hits="0"/><line number="296" hits="0"/><line number="297" hits="0"/><line number="298" hits="0"/><line number="302" hits="0"/><line number="305" hits="144115188075855872"/><line number="310" hits="0"/><line number="312" hits="0"/><line number="313" hits="0"/><line number="314" hits="0"/><line number="316" hits="0"/><line number="317" hits="14411518807585587200"/><line number="318" hits="7205759403792793600"/><line number="319" hits="7205759403792793600"/><line number="320" hits="14411518807585587200"/><line number="321" hits="14411518807585587200"/><line number="325" hits="0"/><line number="326" hits="0"/><line number="327" hits="0"/><line number="329" hits="0"/><line number="332" hits="0"/><line number="334" hits="0"/><line number="336" hits="0"/><line number="338" hits="0"/><line number="339" hits="0"/><line number="341" hits="0"/><line number="348" hits="72057594037927936"/><line number="355" hits="0"/><line number="356" hits="0"/><line number="357" hits="0"/><line number="361" hits="72057594037927936"/><line number="367" hits="0"/><line number="368" hits="0"/><line number="369" hits="0"/><line number="373" hits="72057594037927936"/><line number="378" hits="0"/><line number="379" hits="0"/><line number="380" hits="0"/><line number="381" hits="0"/><line number="386" hits="72057594037927936"/><line number="387" hits="0"/><line number="388" hits="0"/><line number="393" hits="72057594037927936"/><line number="398" hits="0"/><line number="399" hits="0"/><line number="405" hits="72057594037927936"/><line number="409" hits="0"/><line number="410" hits="0"/><line number="411" hits="0"/></lines></class><class name="api_errors" filename="src\api_errors.rs" line-rate="1" branch-rate="0" complexity="0"><methods/><lines><line number="18" hits="864691128455135232"/><line number="19" hits="864691128455135232"/><line number="20" hits="864691128455135232"/><line number="21" hits="432345564227567616"/><line number="22" hits="432345564227567616"/><line number="23" hits="432345564227567616"/><line number="26" hits="432345564227567616"/><line number="27" hits="216172782113783808"/><line number="28" hits="216172782113783808"/><line number="29" hits="216172782113783808"/><line number="32" hits="216172782113783808"/><line number="33" hits="216172782113783808"/></lines></class><class name="discovery" filename="src\discovery.rs" line-rate="0.8225806451612904" branch-rate="0" complexity="0"><methods/><lines><line number="29" hits="0"/><line number="30" hits="0"/><line number="35" hits="1873497444986126336"/><line number="37" hits="1873497444986126336"/><line number="41" hits="288230376151711744"/><line number="42" hits="576460752303423488"/><line number="45" hits="432345564227567616"/><line number="46" hits="432345564227567616"/><line number="47" hits="432345564227567616"/><line number="52" hits="360287970189639680"/><line number="53" hits="432345564227567616"/><line number="54" hits="216172782113783808"/><line number="59" hits="432345564227567616"/><line number="60" hits="216172782113783808"/><line number="64" hits="1008806316530991104"/><line number="65" hits="576460752303423488"/><line number="66" hits="576460752303423488"/><line number="67" hits="576460752303423488"/><line number="69" hits="576460752303423488"/><line number="70" hits="432345564227567616"/><line number="76" hits="2594073385365405696"/><line number="77" hits="4611686018427387904"/><line number="78" hits="1152921504606846976"/><line number="79" hits="1152921504606846976"/><line number="80" hits="3458764513820540928"/><line number="82" hits="4611686018427387904"/><line number="85" hits="4611686018427387904"/><line number="86" hits="2305843009213693952"/><line number="90" hits="288230376151711744"/><line number="93" hits="3674937295934324736"/><line number="94" hits="11024811887802974208"/><line number="97" hits="0"/><line number="98" hits="0"/><line number="101" hits="360287970189639680"/><line number="102" hits="360287970189639680"/><line number="106" hits="720575940379279360"/><line number="108" hits="720575940379279360"/><line number="109" hits="360287970189639680"/><line number="110" hits="1152921504606846976"/><line number="114" hits="360287970189639680"/><line number="117" hits="648518346341351424"/><line number="118" hits="648518346341351424"/><line number="120" hits="1297036692682702848"/><line number="121" hits="1297036692682702848"/><line number="123" hits="2666130979403333632"/><line number="124" hits="2594073385365405696"/><line number="125" hits="3891110078048108544"/><line number="127" hits="1513209474796486656"/><line number="128" hits="432345564227567616"/><line number="129" hits="4251398048237748224"/><line number="130" hits="1585267068834414592"/><line number="135" hits="2882303761517117440"/><line number="138" hits="2161727821137838080"/><line number="139" hits="1585267068834414592"/><line number="143" hits="792633534417207296"/><line number="144" hits="864691128455135232"/><line number="147" hits="576460752303423488"/><line number="152" hits="576460752303423488"/><line number="157" hits="576460752303423488"/><line number="160" hits="1152921504606846976"/><line number="165" hits="1152921504606846976"/><line number="166" hits="1152921504606846976"/><line number="169" hits="2305843009213693952"/><line number="172" hits="1729382256910270464"/><line number="174" hits="1369094286720630784"/><line number="175" hits="3963167672086036480"/><line number="176" hits="792633534417207296"/><line number="177" hits="1585267068834414592"/><line number="179" hits="0"/><line number="180" hits="0"/><line number="181" hits="0"/><line number="182" hits="0"/><line number="183" hits="0"/><line number="184" hits="0"/><line number="186" hits="0"/><line number="187" hits="0"/><line number="189" hits="0"/><line number="190" hits="0"/><line number="192" hits="792633534417207296"/><line number="198" hits="576460752303423488"/><line number="199" hits="0"/><line number="201" hits="0"/><line number="203" hits="0"/><line number="207" hits="0"/><line number="209" hits="0"/><line number="210" hits="0"/><line number="214" hits="0"/><line number="216" hits="0"/><line number="217" hits="0"/><line number="219" hits="0"/><line number="222" hits="0"/><line number="223" hits="0"/><line number="224" hits="0"/><line number="225" hits="0"/><line number="226" hits="0"/><line number="232" hits="1369094286720630784"/><line number="233" hits="1585267068834414592"/><line number="234" hits="3170534137668829184"/><line number="235" hits="1585267068834414592"/><line number="240" hits="576460752303423488"/><line number="243" hits="1585267068834414592"/><line number="244" hits="3098476543630901248"/><line number="245" hits="5044031582654955520"/><line number="247" hits="3891110078048108544"/><line number="250" hits="288230376151711744"/><line number="254" hits="6341068275337658368"/><line number="255" hits="12682136550675316736"/><line number="257" hits="576460752303423488"/><line number="262" hits="12682136550675316736"/><line number="264" hits="6341068275337658368"/><line number="265" hits="12682136550675316736"/><line number="266" hits="12682136550675316736"/><line number="267" hits="12682136550675316736"/><line number="268" hits="12682136550675316736"/><line number="269" hits="12682136550675316736"/><line number="271" hits="12682136550675316736"/><line number="272" hits="12682136550675316736"/><line number="273" hits="12682136550675316736"/><line number="274" hits="12682136550675316736"/><line number="276" hits="12682136550675316736"/><line number="277" hits="12682136550675316736"/><line number="278" hits="12682136550675316736"/><line number="279" hits="12682136550675316736"/><line number="280" hits="12682136550675316736"/><line number="282" hits="12682136550675316736"/><line number="283" hits="12682136550675316736"/><line number="284" hits="12682136550675316736"/><line number="285" hits="12682136550675316736"/><line number="287" hits="12682136550675316736"/><line number="288" hits="12682136550675316736"/><line number="289" hits="12682136550675316736"/><line number="290" hits="6341068275337658368"/><line number="291" hits="6341068275337658368"/><line number="295" hits="6341068275337658368"/><line number="297" hits="17942340915444056070"/><line number="299" hits="2305843009213693952"/><line number="303" hits="5764607523034234880"/><line number="304" hits="1513209474796486656"/><line number="309" hits="5044031582654955520"/><line number="310" hits="2522015791327477760"/><line number="311" hits="5044031582654955520"/><line number="312" hits="5044031582654955520"/><line number="313" hits="5044031582654955520"/><line number="314" hits="5044031582654955520"/><line number="315" hits="5044031582654955520"/><line number="316" hits="5044031582654955520"/><line number="317" hits="5044031582654955520"/><line number="318" hits="5044031582654955520"/><line number="319" hits="5044031582654955520"/><line number="320" hits="5044031582654955520"/><line number="321" hits="5044031582654955520"/><line number="322" hits="5044031582654955520"/><line number="323" hits="5044031582654955520"/><line number="324" hits="5044031582654955520"/><line number="325" hits="5044031582654955520"/><line number="326" hits="5044031582654955520"/><line number="327" hits="5044031582654955520"/><line number="328" hits="5044031582654955520"/><line number="329" hits="5044031582654955520"/><line number="330" hits="5044031582654955520"/><line number="331" hits="5044031582654955520"/><line number="332" hits="5044031582654955520"/><line number="333" hits="5044031582654955520"/><line number="334" hits="2522015791327477760"/><line number="335" hits="2522015791327477760"/><line number="339" hits="2522015791327477760"/><line number="341" hits="5764607523034234880"/><line number="343" hits="1585267068834414592"/><line number="348" hits="936748722493063168"/><line number="351" hits="1224979098644774912"/><line number="352" hits="7061644215716937740"/><line number="353" hits="1873497444986126336"/><line number="354" hits="792633534417207296"/><line number="355" hits="144115188075855872"/><line number="358" hits="7421932185906577408"/><line number="360" hits="2161727821137838080"/><line number="362" hits="3242591731706757120"/><line number="366" hits="1080863910568919040"/><line number="367" hits="2161727821137838080"/><line number="368" hits="3242591731706757120"/><line number="369" hits="1080863910568919040"/><line number="370" hits="1080863910568919040"/><line number="376" hits="0"/><line number="377" hits="0"/><line number="378" hits="0"/><line number="379" hits="0"/></lines></class><class name="error" filename="src\error.rs" line-rate="1" branch-rate="0" complexity="0"><methods/><lines><line number="118" hits="144115188075855872"/><line number="120" hits="144115188075855872"/></lines></class><class name="invariant_ppt" filename="src\invariant_ppt.rs" line-rate="0.5875" branch-rate="0" complexity="0"><methods/><lines><line number="13" hits="15060037153926938624"/><line number="14" hits="11673330234144325632"/><line number="15" hits="11529215046068469760"/><line number="16" hits="144115188075855872"/><line number="20" hits="8286623314361712640"/><line number="21" hits="8286623314361712640"/><line number="25" hits="15060037153926938624"/><line number="26" hits="216172782113783808"/><line number="27" hits="216172782113783808"/><line number="29" hits="72057594037927936"/><line number="35" hits="72057594037927936"/><line number="39" hits="72057594037927936"/><line number="42" hits="792633534417207296"/><line number="44" hits="720575940379279360"/><line number="46" hits="720575940379279360"/><line number="47" hits="0"/><line number="51" hits="72057594037927936"/><line number="56" hits="72057594037927936"/><line number="57" hits="72057594037927936"/><line number="59" hits="144115188075855872"/><line number="60" hits="144115188075855872"/><line number="61" hits="0"/><line number="63" hits="144115188075855872"/><line number="65" hits="144115188075855872"/><line number="66" hits="432345564227567616"/><line number="67" hits="72057594037927936"/><line number="68" hits="0"/><line number="72" hits="72057594037927936"/><line number="73" hits="0"/><line number="79" hits="72057594037927936"/><line number="88" hits="0"/><line number="92" hits="0"/><line number="93" hits="0"/><line number="94" hits="0"/><line number="95" hits="0"/><line number="96" hits="0"/><line number="102" hits="864691128455135232"/><line number="104" hits="864691128455135232"/><line number="105" hits="1729382256910270464"/><line number="106" hits="0"/><line number="107" hits="0"/><line number="108" hits="0"/><line number="111" hits="864691128455135232"/><line number="112" hits="1729382256910270464"/><line number="113" hits="0"/><line number="114" hits="0"/><line number="115" hits="0"/><line number="122" hits="72057594037927936"/><line number="123" hits="72057594037927936"/><line number="124" hits="288230376151711744"/><line number="125" hits="0"/><line number="132" hits="0"/><line number="133" hits="0"/><line number="134" hits="0"/><line number="135" hits="0"/><line number="146" hits="0"/><line number="148" hits="0"/><line number="150" hits="0"/><line number="153" hits="0"/><line number="157" hits="0"/><line number="165" hits="0"/><line number="167" hits="0"/><line number="169" hits="0"/><line number="173" hits="0"/><line number="175" hits="0"/><line number="179" hits="0"/><line number="181" hits="0"/><line number="186" hits="144115188075855872"/><line number="188" hits="432345564227567616"/><line number="190" hits="144115188075855872"/><line number="194" hits="144115188075855872"/><line number="196" hits="144115188075855872"/><line number="201" hits="144115188075855872"/><line number="204" hits="144115188075855872"/><line number="206" hits="144115188075855872"/><line number="211" hits="7205759403792793600"/><line number="213" hits="7205759403792793600"/><line number="215" hits="7205759403792793600"/><line number="219" hits="7205759403792793600"/><line number="221" hits="7205759403792793600"/></lines></class><class name="lib" filename="src\lib.rs" line-rate="1" branch-rate="0" complexity="0"><methods/><lines><line number="47" hits="2161727821137838080"/><line number="54" hits="2161727821137838080"/><line number="55" hits="2161727821137838080"/></lines></class><class name="metrics" filename="src\metrics.rs" line-rate="0.3114754098360656" branch-rate="0" complexity="0"><methods/><lines><line number="28" hits="0"/><line number="29" hits="0"/><line number="34" hits="360287970189639680"/><line number="36" hits="720575940379279360"/><line number="37" hits="360287970189639680"/><line number="38" hits="360287970189639680"/><line number="42" hits="360287970189639680"/><line number="43" hits="720575940379279360"/><line number="46" hits="144115188075855872"/><line number="47" hits="432345564227567616"/><line number="50" hits="144115188075855872"/><line number="51" hits="432345564227567616"/><line number="54" hits="72057594037927936"/><line number="56" hits="288230376151711744"/><line number="57" hits="288230376151711744"/><line number="58" hits="72057594037927936"/><line number="63" hits="0"/><line number="76" hits="72057594037927936"/><line number="79" hits="72057594037927936"/><line number="80" hits="72057594037927936"/><line number="134" hits="0"/><line number="135" hits="0"/><line number="140" hits="504403158265495552"/><line number="141" hits="1008806316530991104"/><line number="145" hits="1008806316530991104"/><line number="146" hits="1513209474796486656"/><line number="147" hits="1513209474796486656"/><line number="148" hits="1513209474796486656"/><line number="149" hits="504403158265495552"/><line number="153" hits="0"/><line number="154" hits="0"/><line number="155" hits="0"/><line number="158" hits="72057594037927936"/><line number="159" hits="216172782113783808"/><line number="162" hits="0"/><line number="163" hits="0"/><line number="164" hits="0"/><line number="167" hits="0"/><line number="168" hits="0"/><line number="169" hits="0"/><line number="170" hits="0"/><line number="171" hits="0"/><line number="172" hits="0"/><line number="173" hits="0"/><line number="174" hits="0"/><line number="175" hits="0"/><line number="176" hits="0"/><line number="177" hits="0"/><line number="180" hits="0"/><line number="182" hits="0"/><line number="183" hits="0"/><line number="184" hits="0"/><line number="191" hits="0"/><line number="192" hits="0"/><line number="194" hits="0"/><line number="195" hits="0"/><line number="196" hits="0"/><line number="198" hits="0"/><line number="199" hits="0"/><line number="201" hits="0"/><line number="203" hits="0"/><line number="206" hits="0"/><line number="207" hits="0"/><line number="208" hits="0"/><line number="209" hits="0"/><line number="211" hits="0"/><line number="212" hits="0"/><line number="213" hits="0"/><line number="216" hits="0"/><line number="217" hits="0"/><line number="218" hits="0"/><line number="219" hits="0"/><line number="221" hits="0"/><line number="222" hits="0"/><line number="223" hits="0"/><line number="226" hits="8070450532247928832"/><line number="227" hits="16140901064495857664"/><line number="228" hits="16140901064495857664"/><line number="230" hits="8791026472627208192"/><line number="231" hits="2161727821137838080"/><line number="232" hits="1441151880758558720"/><line number="237" hits="216172782113783808"/><line number="238" hits="648518346341351424"/><line number="239" hits="648518346341351424"/><line number="243" hits="144115188075855872"/><line number="244" hits="432345564227567616"/><line number="245" hits="432345564227567616"/><line number="249" hits="144115188075855872"/><line number="250" hits="288230376151711744"/><line number="251" hits="288230376151711744"/><line number="253" hits="2882303761517117440"/><line number="254" hits="1369094286720630784"/><line number="256" hits="144115188075855872"/><line number="260" hits="72057594037927936"/><line number="261" hits="72057594037927936"/><line number="263" hits="72057594037927936"/><line number="266" hits="0"/><line number="270" hits="0"/><line number="271" hits="0"/><line number="274" hits="0"/><line number="275" hits="0"/><line number="276" hits="0"/><line number="278" hits="0"/><line number="281" hits="0"/><line number="282" hits="0"/><line number="285" hits="0"/><line number="287" hits="0"/><line number="289" hits="0"/><line number="291" hits="0"/><line number="292" hits="0"/><line number="293" hits="0"/><line number="295" hits="0"/><line number="296" hits="0"/><line number="298" hits="0"/><line number="299" hits="0"/><line number="304" hits="0"/><line number="307" hits="0"/><line number="312" hits="0"/><line number="314" hits="0"/><line number="315" hits="0"/><line number="316" hits="0"/><line number="317" hits="0"/><line number="319" hits="0"/><line number="320" hits="0"/><line number="322" hits="0"/><line number="326" hits="0"/><line number="327" hits="0"/><line number="329" hits="0"/><line number="330" hits="0"/><line number="331" hits="0"/><line number="338" hits="0"/><line number="339" hits="0"/><line number="340" hits="0"/><line number="341" hits="0"/><line number="342" hits="0"/><line number="343" hits="0"/><line number="345" hits="0"/><line number="347" hits="0"/><line number="348" hits="0"/><line number="357" hits="0"/><line number="358" hits="0"/><line number="361" hits="0"/><line number="362" hits="0"/><line number="363" hits="0"/><line number="364" hits="0"/><line number="365" hits="0"/><line number="398" hits="0"/><line number="401" hits="0"/><line number="404" hits="72057594037927936"/><line number="406" hits="72057594037927936"/><line number="409" hits="72057594037927936"/><line number="410" hits="72057594037927936"/><line number="411" hits="72057594037927936"/><line number="412" hits="0"/><line number="413" hits="0"/><line number="414" hits="0"/><line number="415" hits="0"/><line number="417" hits="0"/><line number="421" hits="144115188075855872"/><line number="422" hits="144115188075855872"/><line number="425" hits="432345564227567616"/><line number="429" hits="0"/><line number="431" hits="0"/><line number="434" hits="0"/><line number="435" hits="0"/><line number="437" hits="0"/><line number="438" hits="0"/><line number="439" hits="0"/><line number="440" hits="0"/><line number="442" hits="0"/><line number="443" hits="0"/><line number="444" hits="0"/><line number="445" hits="0"/><line number="446" hits="0"/><line number="447" hits="0"/><line number="448" hits="0"/><line number="449" hits="0"/><line number="450" hits="0"/><line number="451" hits="0"/><line number="452" hits="0"/><line number="454" hits="0"/><line number="456" hits="0"/><line number="462" hits="0"/><line number="465" hits="0"/><line number="466" hits="0"/><line number="468" hits="0"/><line number="469" hits="0"/><line number="470" hits="0"/><line number="471" hits="0"/><line number="476" hits="0"/><line number="478" hits="0"/><line number="479" hits="0"/><line number="480" hits="0"/><line number="481" hits="0"/><line number="487" hits="72057594037927936"/><line number="489" hits="144115188075855872"/><line number="490" hits="144115188075855872"/><line number="492" hits="0"/><line number="493" hits="144115188075855872"/><line number="494" hits="0"/><line number="495" hits="144115188075855872"/><line number="496" hits="0"/><line number="497" hits="288230376151711744"/><line number="498" hits="0"/><line number="500" hits="72057594037927936"/><line number="504" hits="432345564227567616"/><line number="505" hits="792633534417207296"/><line number="507" hits="288230376151711744"/><line number="508" hits="504403158265495552"/><line number="509" hits="288230376151711744"/><line number="511" hits="288230376151711744"/><line number="515" hits="0"/><line number="516" hits="0"/><line number="517" hits="0"/><line number="519" hits="0"/><line number="521" hits="0"/><line number="522" hits="0"/><line number="524" hits="0"/><line number="526" hits="0"/><line number="530" hits="72057594037927936"/><line number="532" hits="72057594037927936"/><line number="533" hits="216172782113783808"/><line number="534" hits="0"/><line number="535" hits="0"/><line number="536" hits="0"/><line number="540" hits="576460752303423488"/><line number="541" hits="1729382256910270464"/><line number="542" hits="1152921504606846976"/><line number="543" hits="1152921504606846976"/><line number="544" hits="576460752303423488"/><line number="547" hits="0"/><line number="548" hits="0"/><line number="550" hits="0"/><line number="551" hits="0"/><line number="552" hits="0"/><line number="555" hits="0"/><line number="556" hits="0"/><line number="557" hits="0"/><line number="560" hits="0"/><line number="565" hits="0"/><line number="566" hits="0"/><line number="569" hits="0"/><line number="570" hits="0"/><line number="571" hits="0"/></lines></class><class name="model_manager" filename="src\model_manager.rs" line-rate="0.5774647887323944" branch-rate="0" complexity="0"><methods/><lines><line number="53" hits="1513209474796486656"/><line number="60" hits="1513209474796486656"/><line number="76" hits="1513209474796486656"/><line number="77" hits="3026418949592973312"/><line number="80" hits="1513209474796486656"/><line number="82" hits="6052837899185946624"/><line number="83" hits="6052837899185946624"/><line number="85" hits="3026418949592973312"/><line number="89" hits="1441151880758558720"/><line number="90" hits="17726168133330272256"/><line number="94" hits="8142508126285856768"/><line number="103" hits="17726168133330272256"/><line number="104" hits="17005592192950992896"/><line number="107" hits="8863084066665136128"/><line number="110" hits="17005592192950992896"/><line number="111" hits="8863084066665136128"/><line number="114" hits="8863084066665136128"/><line number="115" hits="17726168133330272256"/><line number="118" hits="360287970189639679"/><line number="122" hits="0"/><line number="124" hits="0"/><line number="125" hits="0"/><line number="126" hits="0"/><line number="127" hits="0"/><line number="129" hits="0"/><line number="132" hits="0"/><line number="136" hits="1441151880758558720"/><line number="137" hits="17726168133330272256"/><line number="138" hits="8142508126285856768"/><line number="139" hits="17726168133330272256"/><line number="140" hits="8863084066665136128"/><line number="141" hits="17582052945254416384"/><line number="143" hits="8791026472627208192"/><line number="144" hits="8791026472627208192"/><line number="148" hits="8863084066665136128"/><line number="149" hits="8863084066665136128"/><line number="152" hits="17726168133330272256"/><line number="153" hits="17726168133330272256"/><line number="154" hits="17726168133330272256"/><line number="155" hits="8863084066665136128"/><line number="156" hits="8863084066665136128"/><line number="159" hits="8142508126285856768"/><line number="160" hits="17726168133330272256"/><line number="161" hits="8863084066665136128"/><line number="162" hits="8863084066665136128"/><line number="163" hits="17726168133330272256"/><line number="164" hits="17726168133330272256"/><line number="165" hits="8863084066665136128"/><line number="169" hits="1441151880758558720"/><line number="170" hits="8863084066665136128"/><line number="171" hits="0"/><line number="175" hits="17726168133330272256"/><line number="176" hits="17726168133330272256"/><line number="177" hits="17726168133330272256"/><line number="180" hits="8142508126285856768"/><line number="182" hits="7710162562058289152"/><line number="183" hits="17293822569102704640"/><line number="184" hits="72057594037927956"/><line number="185" hits="144115188075855872"/><line number="190" hits="17726168133330272256"/><line number="191" hits="0"/><line number="192" hits="0"/><line number="193" hits="0"/><line number="196" hits="17726168133330272256"/><line number="197" hits="8142508126285856768"/><line number="199" hits="8863084066665136128"/><line number="202" hits="8863084066665136128"/><line number="206" hits="17726168133330272256"/><line number="207" hits="17726168133330272256"/><line number="208" hits="8863084066665136128"/><line number="209" hits="8863084066665136128"/><line number="210" hits="17726168133330272256"/><line number="212" hits="8142508126285856768"/><line number="213" hits="0"/><line number="214" hits="0"/><line number="215" hits="0"/><line number="224" hits="0"/><line number="228" hits="0"/><line number="229" hits="0"/><line number="232" hits="0"/><line number="233" hits="0"/><line number="235" hits="0"/><line number="236" hits="0"/><line number="239" hits="0"/><line number="242" hits="0"/><line number="243" hits="0"/><line number="244" hits="0"/><line number="247" hits="0"/><line number="249" hits="0"/><line number="250" hits="0"/><line number="252" hits="0"/><line number="253" hits="0"/><line number="255" hits="0"/><line number="257" hits="0"/><line number="258" hits="0"/><line number="264" hits="0"/><line number="265" hits="0"/><line number="270" hits="0"/><line number="276" hits="0"/><line number="277" hits="0"/><line number="278" hits="0"/><line number="279" hits="0"/><line number="282" hits="0"/><line number="283" hits="0"/><line number="286" hits="0"/><line number="288" hits="0"/><line number="289" hits="0"/><line number="292" hits="0"/><line number="294" hits="0"/><line number="295" hits="0"/><line number="296" hits="0"/><line number="297" hits="0"/><line number="302" hits="0"/><line number="303" hits="0"/><line number="304" hits="0"/><line number="305" hits="0"/><line number="308" hits="0"/><line number="309" hits="0"/><line number="310" hits="0"/><line number="311" hits="0"/><line number="312" hits="0"/><line number="313" hits="0"/><line number="317" hits="8358680908399640576"/><line number="318" hits="7638104968020361216"/><line number="319" hits="15276209936040722432"/><line number="320" hits="3819052484010180608"/><line number="321" hits="3746994889972252672"/><line number="323" hits="3819052484010180608"/><line number="326" hits="16573246628723425280"/><line number="327" hits="15852670688344145920"/><line number="328" hits="5332261958806667264"/><line number="331" hits="576460752303423488"/><line number="332" hits="576460752303423488"/><line number="333" hits="864691128455135232"/><line number="336" hits="16429131440647569408"/><line number="337" hits="14987979559889010688"/><line number="338" hits="14987979559889010688"/><line number="341" hits="2017612633061982208"/><line number="342" hits="2017612633061982208"/><line number="343" hits="1008806316530991104"/><line number="348" hits="72057594037927936"/><line number="349" hits="72057594037927936"/></lines></class><class name="model_registry" filename="src\model_registry.rs" line-rate="0.59375" branch-rate="0" complexity="0"><methods/><lines><line number="8" hits="72057594037927936"/><line number="9" hits="72057594037927936"/><line number="11" hits="72057594037927936"/><line number="12" hits="72057594037927936"/><line number="34" hits="648518346341351424"/><line number="36" hits="648518346341351424"/><line number="37" hits="648518346341351424"/><line number="41" hits="0"/><line number="42" hits="0"/><line number="43" hits="0"/><line number="44" hits="0"/><line number="47" hits="0"/><line number="48" hits="0"/><line number="49" hits="0"/><line number="50" hits="0"/><line number="51" hits="0"/><line number="52" hits="0"/><line number="57" hits="0"/><line number="59" hits="0"/><line number="60" hits="0"/><line number="62" hits="0"/><line number="63" hits="0"/><line number="64" hits="0"/><line number="65" hits="0"/><line number="66" hits="0"/><line number="69" hits="0"/><line number="74" hits="648518346341351424"/><line number="75" hits="1945555039024054272"/><line number="78" hits="648518346341351424"/><line number="79" hits="432345564227567616"/><line number="80" hits="360287970189639680"/><line number="82" hits="576460752303423488"/><line number="85" hits="720575940379279360"/><line number="89" hits="1152921504606846976"/><line number="90" hits="5764607523034234880"/><line number="92" hits="72057594037927936"/><line number="94" hits="216172782113783808"/><line number="96" hits="432345564227567616"/><line number="97" hits="1297036692682702848"/><line number="99" hits="504403158265495552"/><line number="100" hits="1008806316530991104"/><line number="101" hits="2522015791327477760"/><line number="102" hits="2522015791327477760"/><line number="103" hits="504403158265495552"/><line number="104" hits="1008806316530991104"/><line number="105" hits="504403158265495552"/><line number="108" hits="720575940379279360"/><line number="110" hits="1873497444986126336"/><line number="111" hits="432345564227567616"/><line number="112" hits="1297036692682702848"/><line number="113" hits="1297036692682702848"/><line number="114" hits="1297036692682702848"/><line number="115" hits="1297036692682702848"/><line number="116" hits="864691128455135232"/><line number="117" hits="432345564227567616"/><line number="122" hits="576460752303423488"/><line number="123" hits="0"/><line number="124" hits="0"/><line number="125" hits="0"/><line number="126" hits="0"/><line number="127" hits="0"/><line number="128" hits="0"/><line number="129" hits="0"/><line number="133" hits="288230376151711744"/></lines></class><class name="port_manager" filename="src\port_manager.rs" line-rate="0.7358490566037735" branch-rate="0" complexity="0"><methods/><lines><line number="20" hits="432345564227567616"/><line number="22" hits="1297036692682702848"/><line number="23" hits="432345564227567616"/><line number="28" hits="216172782113783808"/><line number="29" hits="432345564227567616"/><line number="32" hits="504403158265495552"/><line number="33" hits="216172782113783808"/><line number="34" hits="72057594037927936"/><line number="37" hits="0"/><line number="42" hits="360287970189639680"/><line number="43" hits="648518346341351424"/><line number="44" hits="576460752303423488"/><line number="45" hits="144115188075855872"/><line number="50" hits="0"/><line number="51" hits="0"/><line number="52" hits="0"/><line number="53" hits="0"/><line number="55" hits="0"/><line number="56" hits="0"/><line number="57" hits="0"/><line number="58" hits="0"/><line number="64" hits="360287970189639680"/><line number="65" hits="360287970189639680"/><line number="66" hits="360287970189639680"/><line number="68" hits="216172782113783808"/><line number="69" hits="72057594037927936"/><line number="70" hits="72057594037927936"/><line number="71" hits="72057594037927936"/><line number="75" hits="144115188075855872"/><line number="76" hits="0"/><line number="80" hits="288230376151711744"/><line number="81" hits="144115188075855872"/><line number="85" hits="432345564227567616"/><line number="86" hits="360287970189639680"/><line number="92" hits="144115188075855872"/><line number="93" hits="288230376151711744"/><line number="96" hits="432345564227567616"/><line number="97" hits="576460752303423488"/><line number="98" hits="144115188075855872"/><line number="102" hits="216172782113783808"/><line number="103" hits="432345564227567616"/><line number="104" hits="1008806316530991104"/><line number="108" hits="360287970189639680"/><line number="109" hits="1441151880758558720"/><line number="113" hits="144115188075855872"/><line number="115" hits="288230376151711744"/><line number="116" hits="576460752303423488"/><line number="117" hits="288230376151711744"/><line number="118" hits="144115188075855872"/><line number="122" hits="0"/><line number="123" hits="0"/><line number="128" hits="0"/><line number="129" hits="0"/></lines></class><class name="rustchain_compat" filename="src\rustchain_compat.rs" line-rate="1" branch-rate="0" complexity="0"><methods/><lines><line number="21" hits="504403158265495552"/><line number="26" hits="1008806316530991104"/><line number="27" hits="504403158265495552"/><line number="30" hits="1369094286720630784"/><line number="31" hits="504403158265495552"/><line number="34" hits="504403158265495552"/><line number="39" hits="504403158265495552"/><line number="40" hits="1008806316530991104"/><line number="41" hits="504403158265495552"/></lines></class><class name="safetensors_adapter" filename="src\safetensors_adapter.rs" line-rate="0.8795180722891566" branch-rate="0" complexity="0"><methods/><lines><line number="11" hits="648518346341351424"/><line number="12" hits="648518346341351424"/><line number="15" hits="1945555039024054272"/><line number="16" hits="1873497444986126336"/><line number="17" hits="144115188075855872"/><line number="20" hits="360287970189639680"/><line number="22" hits="720575940379279360"/><line number="24" hits="360287970189639680"/><line number="25" hits="0"/><line number="29" hits="1080863910568919040"/><line number="30" hits="360287970189639680"/><line number="31" hits="72057594037927936"/><line number="32" hits="72057594037927936"/><line number="36" hits="576460752303423488"/><line number="37" hits="1008806316530991104"/><line number="38" hits="1297036692682702848"/><line number="39" hits="2161727821137838080"/><line number="40" hits="144115188075855872"/><line number="41" hits="144115188075855872"/><line number="47" hits="288230376151711744"/><line number="48" hits="144115188075855872"/><line number="49" hits="288230376151711744"/><line number="50" hits="144115188075855872"/><line number="51" hits="144115188075855872"/><line number="54" hits="720575940379279360"/><line number="55" hits="720575940379279360"/><line number="56" hits="144115188075855872"/><line number="58" hits="432345564227567616"/><line number="60" hits="0"/><line number="61" hits="0"/><line number="62" hits="0"/><line number="65" hits="144115188075855872"/><line number="66" hits="144115188075855872"/><line number="75" hits="144115188075855872"/><line number="77" hits="144115188075855872"/><line number="78" hits="288230376151711744"/><line number="79" hits="144115188075855872"/><line number="80" hits="144115188075855872"/><line number="81" hits="144115188075855872"/><line number="82" hits="144115188075855872"/><line number="83" hits="144115188075855872"/><line number="84" hits="144115188075855872"/><line number="85" hits="144115188075855872"/><line number="86" hits="432345564227567616"/><line number="87" hits="432345564227567616"/><line number="88" hits="288230376151711744"/><line number="89" hits="144115188075855872"/><line number="94" hits="720575940379279360"/><line number="96" hits="1441151880758558720"/><line number="97" hits="1441151880758558720"/><line number="98" hits="1441151880758558720"/><line number="99" hits="1441151880758558720"/><line number="100" hits="1441151880758558720"/><line number="101" hits="1441151880758558720"/><line number="102" hits="720575940379279360"/><line number="103" hits="720575940379279360"/><line number="106" hits="5620492334958379008"/><line number="107" hits="14699749183737298944"/><line number="108" hits="4899916394579099648"/><line number="109" hits="144115188075855872"/><line number="114" hits="1729382256910270464"/><line number="115" hits="1152921504606846976"/><line number="116" hits="0"/><line number="117" hits="0"/><line number="118" hits="0"/><line number="119" hits="0"/><line number="125" hits="576460752303423488"/><line number="128" hits="216172782113783808"/><line number="129" hits="216172782113783808"/><line number="132" hits="1080863910568919040"/><line number="133" hits="648518346341351424"/><line number="134" hits="432345564227567616"/><line number="135" hits="216172782113783808"/><line number="137" hits="216172782113783808"/><line number="138" hits="0"/><line number="139" hits="0"/><line number="142" hits="216172782113783808"/><line number="143" hits="432345564227567616"/><line number="144" hits="144115188075855872"/><line number="145" hits="144115188075855872"/><line number="149" hits="72057594037927936"/><line number="153" hits="504403158265495552"/><line number="154" hits="2738188573441261568"/></lines></class><class name="server" filename="src\server.rs" line-rate="0.208955223880597" branch-rate="0" complexity="0"><methods/><lines><line number="15" hits="0"/><line number="16" hits="0"/><line number="17" hits="0"/><line number="19" hits="0"/><line number="20" hits="0"/><line number="21" hits="0"/><line number="23" hits="0"/><line number="25" hits="0"/><line number="27" hits="0"/><line number="29" hits="0"/><line number="32" hits="0"/><line number="33" hits="0"/><line number="36" hits="0"/><line number="40" hits="0"/><line number="41" hits="0"/><line number="42" hits="0"/><line number="43" hits="0"/><line number="45" hits="0"/><line number="46" hits="0"/><line number="47" hits="0"/><line number="48" hits="0"/><line number="49" hits="0"/><line number="50" hits="0"/><line number="51" hits="0"/><line number="52" hits="0"/><line number="54" hits="0"/><line number="55" hits="0"/><line number="56" hits="0"/><line number="57" hits="0"/><line number="58" hits="0"/><line number="60" hits="0"/><line number="61" hits="0"/><line number="62" hits="0"/><line number="64" hits="0"/><line number="65" hits="0"/><line number="66" hits="0"/><line number="67" hits="0"/><line number="68" hits="0"/><line number="73" hits="72057594037927936"/><line number="74" hits="0"/><line number="75" hits="0"/><line number="78" hits="0"/><line number="80" hits="0"/><line number="83" hits="0"/><line number="84" hits="0"/><line number="85" hits="0"/><line number="86" hits="0"/><line number="87" hits="0"/><line number="88" hits="0"/><line number="89" hits="0"/><line number="90" hits="0"/><line number="94" hits="0"/><line number="95" hits="0"/><line number="97" hits="0"/><line number="98" hits="0"/><line number="99" hits="0"/><line number="100" hits="0"/><line number="101" hits="0"/><line number="102" hits="0"/><line number="103" hits="0"/><line number="104" hits="0"/><line number="105" hits="0"/><line number="106" hits="0"/><line number="107" hits="0"/><line number="110" hits="0"/><line number="111" hits="0"/><line number="112" hits="0"/><line number="113" hits="0"/><line number="115" hits="0"/><line number="116" hits="0"/><line number="117" hits="0"/><line number="119" hits="0"/><line number="120" hits="0"/><line number="121" hits="0"/><line number="122" hits="0"/><line number="123" hits="0"/><line number="124" hits="0"/><line number="125" hits="0"/><line number="127" hits="0"/><line number="131" hits="288230376151711744"/><line number="132" hits="0"/><line number="134" hits="0"/><line number="135" hits="0"/><line number="136" hits="0"/><line number="137" hits="0"/><line number="138" hits="0"/><line number="139" hits="0"/><line number="140" hits="0"/><line number="141" hits="0"/><line number="142" hits="0"/><line number="143" hits="0"/><line number="144" hits="0"/><line number="145" hits="0"/><line number="146" hits="0"/><line number="147" hits="0"/><line number="150" hits="0"/><line number="152" hits="0"/><line number="153" hits="0"/><line number="155" hits="0"/><line number="157" hits="0"/><line number="159" hits="0"/><line number="160" hits="0"/><line number="161" hits="0"/><line number="165" hits="144115188075855872"/><line number="166" hits="144115188075855872"/><line number="169" hits="144115188075855872"/><line number="170" hits="144115188075855872"/><line number="171" hits="144115188075855872"/><line number="172" hits="0"/><line number="173" hits="0"/><line number="174" hits="0"/><line number="175" hits="0"/><line number="177" hits="0"/><line number="181" hits="360287970189639680"/><line number="182" hits="360287970189639680"/><line number="185" hits="1080863910568919040"/><line number="189" hits="72057594037927936"/><line number="191" hits="72057594037927936"/><line number="192" hits="72057594037927936"/><line number="193" hits="72057594037927936"/><line number="194" hits="72057594037927936"/><line number="195" hits="72057594037927936"/><line number="198" hits="144115188075855872"/><line number="199" hits="216172782113783808"/><line number="200" hits="72057594037927936"/><line number="201" hits="216172782113783808"/><line number="202" hits="72057594037927936"/><line number="205" hits="72057594037927936"/><line number="207" hits="144115188075855872"/><line number="208" hits="216172782113783808"/><line number="210" hits="144115188075855872"/><line number="211" hits="72057594037927936"/><line number="212" hits="72057594037927936"/><line number="213" hits="72057594037927936"/></lines></class><class name="templates" filename="src\templates.rs" line-rate="1" branch-rate="0" complexity="0"><methods/><lines><line number="14" hits="576460752303423488"/><line number="20" hits="576460752303423488"/><line number="22" hits="432345564227567616"/><line number="23" hits="504403158265495552"/><line number="24" hits="288230376151711744"/><line number="26" hits="864691128455135232"/><line number="27" hits="432345564227567616"/><line number="29" hits="360287970189639680"/><line number="30" hits="144115188075855872"/><line number="31" hits="72057594037927936"/><line number="32" hits="72057594037927936"/><line number="35" hits="216172782113783808"/><line number="38" hits="288230376151711744"/><line number="39" hits="288230376151711744"/><line number="40" hits="144115188075855872"/><line number="41" hits="72057594037927936"/><line number="42" hits="72057594037927936"/><line number="45" hits="576460752303423488"/><line number="46" hits="288230376151711744"/><line number="47" hits="144115188075855872"/><line number="48" hits="144115188075855872"/><line number="51" hits="288230376151711744"/><line number="52" hits="144115188075855872"/><line number="54" hits="144115188075855872"/><line number="57" hits="432345564227567616"/><line number="58" hits="648518346341351424"/><line number="59" hits="288230376151711744"/><line number="61" hits="360287970189639680"/><line number="62" hits="144115188075855872"/><line number="64" hits="288230376151711744"/><line number="66" hits="216172782113783808"/><line number="72" hits="216172782113783808"/><line number="73" hits="216172782113783808"/><line number="74" hits="360287970189639680"/><line number="75" hits="360287970189639680"/><line number="76" hits="72057594037927936"/><line number="84" hits="216172782113783808"/><line number="85" hits="648518346341351424"/><line number="86" hits="432345564227567616"/
[...]
ine number="227" hits="72057594037927936"/><line number="228" hits="216172782113783808"/><line number="232" hits="0"/><line number="233" hits="0"/><line number="234" hits="0"/><line number="237" hits="0"/><line number="238" hits="0"/><line number="240" hits="0"/><line number="241" hits="0"/><line number="243" hits="0"/><line number="246" hits="0"/><line number="247" hits="0"/><line number="249" hits="0"/><line number="250" hits="0"/><line number="252" hits="0"/><line number="253" hits="0"/><line number="261" hits="0"/><line number="262" hits="0"/><line number="263" hits="0"/><line number="265" hits="0"/><line number="266" hits="0"/><line number="267" hits="0"/><line number="268" hits="0"/><line number="270" hits="0"/><line number="274" hits="288230376151711744"/><line number="275" hits="288230376151711744"/><line number="276" hits="288230376151711744"/><line number="277" hits="432345564227567616"/><line number="278" hits="144115188075855872"/><line number="279" hits="432345564227567616"/><line number="280" hits="144115188075855872"/><line number="284" hits="0"/><line number="285" hits="0"/><line number="287" hits="0"/><line number="288" hits="0"/><line number="291" hits="0"/><line number="292" hits="0"/><line number="299" hits="0"/><line number="301" hits="0"/><line number="302" hits="0"/><line number="303" hits="0"/></lines></class></classes></package><package name="src\observability" line-rate="0.56" branch-rate="0" complexity="0"><classes><class name="mod" filename="src\observability\mod.rs" line-rate="0.56" branch-rate="0" complexity="0"><methods/><lines><line number="18" hits="0"/><line number="19" hits="0"/><line number="31" hits="2377900603251621888"/><line number="33" hits="4755801206503243776"/><line number="35" hits="2377900603251621888"/><line number="96" hits="2377900603251621888"/><line number="105" hits="2377900603251621888"/><line number="106" hits="4755801206503243776"/><line number="109" hits="2377900603251621888"/><line number="111" hits="9511602413006487552"/><line number="113" hits="4755801206503243776"/><line number="118" hits="1873497444986126336"/><line number="119" hits="1873497444986126336"/><line number="121" hits="936748722493063168"/><line number="122" hits="1873497444986126336"/><line number="123" hits="936748722493063168"/><line number="125" hits="0"/><line number="129" hits="1873497444986126336"/><line number="130" hits="1873497444986126336"/><line number="131" hits="936748722493063168"/><line number="132" hits="936748722493063168"/><line number="135" hits="1873497444986126336"/><line number="138" hits="1873497444986126336"/><line number="139" hits="936748722493063168"/><line number="140" hits="2810246167479189504"/><line number="141" hits="936748722493063168"/><line number="143" hits="936748722493063168"/><line number="144" hits="936748722493063168"/><line number="145" hits="936748722493063168"/><line number="146" hits="0"/><line number="150" hits="936748722493063168"/><line number="152" hits="2810246167479189504"/><line number="153" hits="936748722493063168"/><line number="154" hits="936748722493063168"/><line number="155" hits="936748722493063168"/><line number="157" hits="936748722493063168"/><line number="164" hits="0"/><line number="165" hits="0"/><line number="168" hits="0"/><line number="169" hits="0"/><line number="170" hits="0"/><line number="173" hits="0"/><line number="174" hits="0"/><line number="175" hits="0"/><line number="176" hits="0"/><line number="180" hits="0"/><line number="181" hits="0"/><line number="182" hits="0"/><line number="183" hits="0"/><line number="184" hits="0"/><line number="188" hits="0"/><line number="189" hits="0"/><line number="190" hits="0"/><line number="191" hits="0"/><line number="195" hits="144115188075855872"/><line number="196" hits="72057594037927936"/><line number="197" hits="0"/><line number="200" hits="144115188075855872"/><line number="201" hits="144115188075855872"/><line number="202" hits="144115188075855872"/><line number="205" hits="144115188075855872"/><line number="206" hits="144115188075855872"/><line number="207" hits="72057594037927936"/><line number="208" hits="72057594037927936"/><line number="209" hits="72057594037927936"/><line number="211" hits="0"/><line number="215" hits="72057594037927936"/><line number="216" hits="0"/><line number="217" hits="0"/><line number="218" hits="0"/><line number="223" hits="216172782113783808"/><line number="224" hits="72057594037927936"/><line number="226" hits="144115188075855872"/><line number="228" hits="216172782113783808"/><line number="231" hits="144115188075855872"/><line number="232" hits="144115188075855872"/><line number="233" hits="72057594037927936"/><line number="238" hits="144115188075855872"/><line number="239" hits="216172782113783808"/><line number="240" hits="216172782113783808"/><line number="241" hits="72057594037927936"/><line number="245" hits="72057594037927936"/><line number="246" hits="72057594037927936"/><line number="248" hits="72057594037927936"/><line number="249" hits="72057594037927936"/><line number="253" hits="144115188075855872"/><line number="254" hits="144115188075855872"/><line number="256" hits="72057594037927936"/><line number="257" hits="216172782113783808"/><line number="258" hits="0"/><line number="259" hits="0"/><line number="263" hits="144115188075855872"/><line number="264" hits="144115188075855872"/><line number="267" hits="216172782113783808"/><line number="268" hits="72057594037927936"/><line number="269" hits="72057594037927936"/><line number="271" hits="216172782113783808"/><line number="272" hits="72057594037927936"/><line number="273" hits="72057594037927936"/><line number="275" hits="216172782113783808"/><line number="276" hits="72057594037927936"/><line number="277" hits="72057594037927936"/><line number="279" hits="216172782113783808"/><line number="280" hits="72057594037927936"/><line number="281" hits="72057594037927936"/><line number="285" hits="216172782113783808"/><line number="286" hits="72057594037927936"/><line number="287" hits="72057594037927936"/><line number="289" hits="216172782113783808"/><line number="290" hits="72057594037927936"/><line number="291" hits="72057594037927936"/><line number="295" hits="216172782113783808"/><line number="296" hits="216172782113783808"/><line number="297" hits="216172782113783808"/><line number="300" hits="288230376151711744"/><line number="301" hits="288230376151711744"/><line number="302" hits="144115188075855872"/><line number="303" hits="144115188075855872"/><line number="305" hits="288230376151711744"/><line number="306" hits="144115188075855872"/><line number="307" hits="144115188075855872"/><line number="309" hits="144115188075855872"/><line number="310" hits="72057594037927936"/><line number="311" hits="72057594037927936"/><line number="315" hits="72057594037927936"/><line number="318" hits="0"/><line number="319" hits="0"/><line number="321" hits="0"/><line number="324" hits="0"/><line number="325" hits="0"/><line number="327" hits="0"/><line number="330" hits="0"/><line number="331" hits="0"/><line number="332" hits="0"/><line number="334" hits="0"/><line number="335" hits="0"/><line number="336" hits="0"/><line number="340" hits="0"/><line number="341" hits="0"/><line number="344" hits="0"/><line number="345" hits="0"/><line number="347" hits="0"/><line number="349" hits="0"/><line number="352" hits="0"/><line number="353" hits="0"/><line number="354" hits="0"/><line number="355" hits="0"/><line number="356" hits="0"/><line number="357" hits="0"/><line number="360" hits="0"/><line number="361" hits="0"/><line number="362" hits="0"/><line number="363" hits="0"/><line number="367" hits="0"/><line number="371" hits="0"/><line number="372" hits="0"/><line number="374" hits="0"/><line number="375" hits="0"/><line number="378" hits="0"/><line number="379" hits="0"/><line number="381" hits="0"/><line number="382" hits="0"/><line number="383" hits="0"/><line number="391" hits="144115188075855872"/><line number="392" hits="216172782113783808"/><line number="396" hits="0"/><line number="399" hits="0"/><line number="402" hits="0"/><line number="404" hits="0"/><line number="407" hits="0"/><line number="409" hits="0"/><line number="414" hits="0"/><line number="416" hits="0"/><line number="417" hits="0"/><line number="418" hits="0"/></lines></class></classes></package><package name="src\util" line-rate="0.37254901960784315" branch-rate="0" complexity="0"><classes><class name="diag" filename="src\util\diag.rs" line-rate="0" branch-rate="0" complexity="0"><methods/><lines><line number="12" hits="0"/><line number="13" hits="0"/><line number="14" hits="0"/><line number="16" hits="0"/><line number="17" hits="0"/><line number="18" hits="0"/><line number="20" hits="0"/><line number="21" hits="0"/><line number="22" hits="0"/><line number="23" hits="0"/><line number="24" hits="0"/></lines></class><class name="memory" filename="src\util\memory.rs" line-rate="0.475" branch-rate="0" complexity="0"><methods/><lines><line number="9" hits="0"/><line number="10" hits="0"/><line number="11" hits="0"/><line number="12" hits="0"/><line number="17" hits="0"/><line number="18" hits="0"/><line number="19" hits="0"/><line number="20" hits="0"/><line number="28" hits="216172782113783808"/><line number="29" hits="432345564227567616"/><line number="37" hits="432345564227567616"/><line number="38" hits="432345564227567616"/><line number="43" hits="216172782113783808"/><line number="58" hits="0"/><line number="59" hits="0"/><line number="60" hits="0"/><line number="62" hits="0"/><line number="63" hits="0"/><line number="64" hits="0"/><line number="65" hits="0"/><line number="67" hits="0"/><line number="99" hits="144115188075855872"/><line number="100" hits="288230376151711744"/><line number="102" hits="144115188075855872"/><line number="103" hits="72057594037927936"/><line number="104" hits="216172782113783808"/><line number="106" hits="0"/><line number="107" hits="0"/><line number="108" hits="0"/><line number="110" hits="72057594037927936"/><line number="111" hits="360287970189639680"/><line number="112" hits="144115188075855872"/><line number="113" hits="288230376151711744"/><line number="114" hits="360287970189639680"/><line number="115" hits="144115188075855872"/><line number="116" hits="144115188075855872"/><line number="121" hits="144115188075855872"/><line number="122" hits="0"/><line number="123" hits="0"/><line number="127" hits="144115188075855872"/></lines></class></classes></package><package name="src\openai_compat" line-rate="0.16376306620209058" branch-rate="0" complexity="0"><classes><class name="mod" filename="src\openai_compat\mod.rs" line-rate="0.16044776119402984" branch-rate="0" complexity="0"><methods/><lines><line number="11" hits="0"/><line number="33" hits="0"/><line number="34" hits="0"/><line number="37" hits="0"/><line number="38" hits="0"/><line number="39" hits="0"/><line number="40" hits="0"/><line number="42" hits="0"/><line number="43" hits="0"/><line number="44" hits="0"/><line number="45" hits="0"/><line number="46" hits="0"/><line number="47" hits="0"/><line number="52" hits="0"/><line number="55" hits="432345564227567616"/><line number="56" hits="432345564227567616"/><line number="57" hits="216172782113783808"/><line number="60" hits="216172782113783808"/><line number="61" hits="288230376151711744"/><line number="62" hits="576460752303423488"/><line number="63" hits="576460752303423488"/><line number="64" hits="288230376151711744"/><line number="65" hits="288230376151711744"/><line number="66" hits="288230376151711744"/><line number="67" hits="576460752303423488"/><line number="71" hits="216172782113783808"/><line number="72" hits="432345564227567616"/><line number="73" hits="216172782113783808"/><line number="77" hits="360287970189639680"/><line number="84" hits="720575940379279360"/><line number="85" hits="72057594037927936"/><line number="86" hits="72057594037927936"/><line number="87" hits="144115188075855872"/><line number="88" hits="144115188075855872"/><line number="89" hits="144115188075855872"/><line number="90" hits="144115188075855872"/><line number="91" hits="72057594037927936"/><line number="92" hits="72057594037927936"/><line number="96" hits="72057594037927936"/><line number="98" hits="432345564227567616"/><line number="99" hits="288230376151711744"/><line number="100" hits="0"/><line number="101" hits="0"/><line number="102" hits="0"/><line number="103" hits="0"/><line number="104" hits="0"/><line number="105" hits="0"/><line number="106" hits="0"/><line number="107" hits="0"/><line number="111" hits="0"/><line number="116" hits="720575940379279360"/><line number="117" hits="144115188075855872"/><line number="118" hits="432345564227567616"/><line number="119" hits="288230376151711744"/><line number="120" hits="144115188075855872"/><line number="121" hits="288230376151711744"/><line number="122" hits="144115188075855872"/><line number="123" hits="144115188075855872"/><line number="124" hits="144115188075855872"/><line number="127" hits="288230376151711744"/><line number="129" hits="144115188075855872"/><line number="130" hits="288230376151711744"/><line number="131" hits="576460752303423488"/><line number="132" hits="0"/><line number="133" hits="144115188075855872"/><line number="134" hits="144115188075855872"/><line number="135" hits="144115188075855872"/><line number="140" hits="0"/><line number="141" hits="0"/><line number="142" hits="0"/><line number="145" hits="0"/><line number="146" hits="0"/><line number="148" hits="0"/><line number="149" hits="0"/><line number="150" hits="0"/><line number="152" hits="0"/><line number="156" hits="0"/><line number="157" hits="0"/><line number="159" hits="0"/><line number="164" hits="0"/><line number="165" hits="0"/><line number="167" hits="0"/><line number="168" hits="0"/><line number="169" hits="0"/><line number="172" hits="0"/><line number="173" hits="0"/><line number="175" hits="0"/><line number="176" hits="0"/><line number="179" hits="0"/><line number="182" hits="0"/><line number="185" hits="0"/><line number="186" hits="0"/><line number="187" hits="0"/><line number="189" hits="0"/><line number="190" hits="0"/><line number="192" hits="0"/><line number="193" hits="0"/><line number="195" hits="0"/><line number="196" hits="0"/><line number="201" hits="0"/><line number="202" hits="0"/><line number="204" hits="0"/><line number="205" hits="0"/><line number="206" hits="0"/><line number="210" hits="0"/><line number="212" hits="0"/><line number="213" hits="0"/><line number="215" hits="0"/><line number="217" hits="0"/><line number="223" hits="0"/><line number="224" hits="0"/><line number="225" hits="0"/><line number="226" hits="0"/><line number="227" hits="0"/><line number="228" hits="0"/><line number="229" hits="0"/><line number="232" hits="0"/><line number="234" hits="0"/><line number="235" hits="0"/><line number="236" hits="0"/><line number="237" hits="0"/><line number="238" hits="0"/><line number="239" hits="0"/><line number="242" hits="0"/><line number="243" hits="0"/><line number="244" hits="0"/><line number="245" hits="0"/><line number="246" hits="0"/><line number="247" hits="0"/><line number="248" hits="0"/><line number="249" hits="0"/><line number="250" hits="0"/><line number="251" hits="0"/><line number="253" hits="0"/><line number="256" hits="0"/><line number="257" hits="0"/><line number="258" hits="0"/><line number="262" hits="0"/><line number="263" hits="0"/><line number="264" hits="0"/><line number="265" hits="0"/><line number="266" hits="0"/><line number="267" hits="0"/><line number="268" hits="0"/><line number="269" hits="0"/><line number="270" hits="0"/><line number="271" hits="0"/><line number="272" hits="0"/><line number="273" hits="0"/><line number="274" hits="0"/><line number="275" hits="0"/><line number="276" hits="0"/><line number="278" hits="0"/><line number="281" hits="0"/><line number="282" hits="0"/><line number="283" hits="0"/><line number="287" hits="0"/><line number="290" hits="0"/><line number="291" hits="0"/><line number="292" hits="0"/><line number="293" hits="0"/><line number="294" hits="0"/><line number="295" hits="0"/><line number="296" hits="0"/><line number="297" hits="0"/><line number="298" hits="0"/><line number="299" hits="0"/><line number="301" hits="0"/><line number="304" hits="0"/><line number="305" hits="0"/><line number="306" hits="0"/><line number="308" hits="0"/><line number="311" hits="0"/><line number="312" hits="0"/><line number="313" hits="0"/><line number="316" hits="0"/><line number="317" hits="0"/><line number="318" hits="0"/><line number="321" hits="0"/><line number="324" hits="0"/><line number="325" hits="0"/><line number="326" hits="0"/><line number="330" hits="0"/><line number="331" hits="0"/><line number="339" hits="0"/><line number="345" hits="0"/><line number="347" hits="0"/><line number="348" hits="0"/><line number="353" hits="0"/><line number="364" hits="0"/><line number="371" hits="0"/><line number="372" hits="0"/><line number="373" hits="0"/><line number="374" hits="0"/><line number="375" hits="0"/><line number="376" hits="0"/><line number="377" hits="0"/><line number="378" hits="0"/><line number="379" hits="0"/><line number="383" hits="0"/><line number="385" hits="0"/><line number="386" hits="0"/><line number="387" hits="0"/><line number="388" hits="0"/><line number="389" hits="0"/><line number="390" hits="0"/><line number="391" hits="0"/><line number="392" hits="0"/><line number="393" hits="0"/><line number="394" hits="0"/><line number="398" hits="0"/><line number="402" hits="0"/><line number="403" hits="0"/><line number="404" hits="0"/><line number="405" hits="0"/><line number="406" hits="0"/><line number="407" hits="0"/><line number="408" hits="0"/><line number="409" hits="0"/><line number="410" hits="0"/><line number="414" hits="0"/><line number="417" hits="0"/><line number="418" hits="0"/><line number="419" hits="0"/><line number="420" hits="0"/><line number="421" hits="0"/><line number="422" hits="0"/><line number="426" hits="0"/><line number="427" hits="0"/><line number="428" hits="0"/><line number="430" hits="0"/><line number="431" hits="0"/><line number="433" hits="0"/><line number="434" hits="0"/><line number="436" hits="0"/><line number="438" hits="0"/><line number="439" hits="0"/><line number="440" hits="0"/><line number="442" hits="0"/><line number="443" hits="0"/><line number="444" hits="0"/><line number="445" hits="0"/><line number="446" hits="0"/><line number="447" hits="0"/><line number="448" hits="0"/><line number="449" hits="0"/><line number="450" hits="0"/><line number="451" hits="0"/><line number="452" hits="0"/><line number="456" hits="0"/><line number="460" hits="0"/><line number="461" hits="0"/><line number="462" hits="0"/><line number="466" hits="0"/><line number="467" hits="0"/><line number="468" hits="0"/><line number="469" hits="0"/><line number="470" hits="0"/><line number="471" hits="0"/><line number="472" hits="0"/><line number="473" hits="0"/><line number="474" hits="0"/><line number="475" hits="0"/><line number="477" hits="0"/><line number="478" hits="0"/><line number="479" hits="0"/><line number="480" hits="0"/><line number="484" hits="0"/></lines></class><class name="types" filename="src\openai_compat\types.rs" line-rate="0.21052631578947367" branch-rate="0" complexity="0"><methods/><lines><line number="16" hits="0"/><line number="17" hits="0"/><line number="18" hits="0"/><line number="19" hits="0"/><line number="21" hits="0"/><line number="27" hits="0"/><line number="28" hits="0"/><line number="29" hits="0"/><line number="30" hits="0"/><line number="32" hits="0"/><line number="56" hits="0"/><line number="57" hits="0"/><line number="60" hits="0"/><line number="62" hits="0"/><line number="63" hits="0"/><line number="116" hits="144115188075855872"/><line number="117" hits="144115188075855872"/><line number="118" hits="216172782113783808"/><line number="119" hits="144115188075855872"/></lines></class></classes></package></packages></coverage>